<?xml version="1.0" encoding="UTF-8"?>
<!-- Generated by org.testng.reporters.JUnitReportReporter -->
<testsuite skipped="0" hostname="Devendra-PC" name="testPkg.CrossAsyst" tests="5" failures="0" timestamp="14 Apr 2020 07:59:48 GMT" time="55.584" errors="0">
  <testcase name="CreateAccount" time="10.866" classname="testPkg.CrossAsyst"/>
  <testcase name="NewCredentialsLogin" time="4.049" classname="testPkg.CrossAsyst"/>
  <testcase name="ProductToCart" time="26.490" classname="testPkg.CrossAsyst"/>
  <testcase name="ProcessingOrder" time="8.977" classname="testPkg.CrossAsyst"/>
  <testcase name="VerifyOrder" time="5.202" classname="testPkg.CrossAsyst"/>
</testsuite> <!-- testPkg.CrossAsyst -->
